2024-08-12 14:45:04 0 [Note] Starting MariaDB 10.4.32-MariaDB source revision c4143f909528e3fab0677a28631d10389354c491 as process 13688
2024-08-12 14:45:05 0 [Note] InnoDB: Mutexes and rw_locks use Windows interlocked functions
2024-08-12 14:45:05 0 [Note] InnoDB: Uses event mutexes
2024-08-12 14:45:05 0 [Note] InnoDB: Compressed tables use zlib 1.3
2024-08-12 14:45:05 0 [Note] InnoDB: Number of pools: 1
2024-08-12 14:45:05 0 [Note] InnoDB: Using SSE2 crc32 instructions
2024-08-12 14:45:05 0 [Note] InnoDB: Initializing buffer pool, total size = 16M, instances = 1, chunk size = 16M
2024-08-12 14:45:05 0 [Note] InnoDB: Completed initialization of buffer pool
2024-08-12 14:45:05 0 [Note] InnoDB: Starting crash recovery from checkpoint LSN=300288
2024-08-12 14:45:05 0 [Note] InnoDB: 128 out of 128 rollback segments are active.
2024-08-12 14:45:05 0 [Note] InnoDB: Removed temporary tablespace data file: "ibtmp1"
2024-08-12 14:45:05 0 [Note] InnoDB: Creating shared tablespace for temporary tables
2024-08-12 14:45:05 0 [Note] InnoDB: Setting file 'C:\xampp\mysql\data\ibtmp1' size to 12 MB. Physically writing the file full; Please wait ...
2024-08-12 14:45:05 0 [Note] InnoDB: File 'C:\xampp\mysql\data\ibtmp1' size is now 12 MB.
2024-08-12 14:45:05 0 [Note] InnoDB: Waiting for purge to start
2024-08-12 14:45:05 0 [Note] InnoDB: 10.4.32 started; log sequence number 300297; transaction id 170
2024-08-12 14:45:05 0 [Note] InnoDB: Loading buffer pool(s) from C:\xampp\mysql\data\ib_buffer_pool
2024-08-12 14:45:05 0 [Note] Plugin 'FEEDBACK' is disabled.
2024-08-12 14:45:05 0 [Note] Server socket created on IP: '::'.
2024-08-12 14:45:05 0 [ERROR] Can't start server: Bind on TCP/IP port. Got error: 10048: Only one usage of each socket address (protocol/network address/port) is normally permitted.

2024-08-12 14:45:05 0 [ERROR] Do you already have another mysqld server running on port: 3306 ?
2024-08-12 14:45:05 0 [ERROR] Aborting
2024-08-12 14:45:25 0 [Note] Starting MariaDB 10.4.32-MariaDB source revision c4143f909528e3fab0677a28631d10389354c491 as process 14580
2024-08-12 14:45:25 0 [Note] InnoDB: Mutexes and rw_locks use Windows interlocked functions
2024-08-12 14:45:25 0 [Note] InnoDB: Uses event mutexes
2024-08-12 14:45:25 0 [Note] InnoDB: Compressed tables use zlib 1.3
2024-08-12 14:45:25 0 [Note] InnoDB: Number of pools: 1
2024-08-12 14:45:25 0 [Note] InnoDB: Using SSE2 crc32 instructions
2024-08-12 14:45:25 0 [Note] InnoDB: Initializing buffer pool, total size = 16M, instances = 1, chunk size = 16M
2024-08-12 14:45:25 0 [Note] InnoDB: Completed initialization of buffer pool
2024-08-12 14:45:26 0 [Note] InnoDB: 128 out of 128 rollback segments are active.
2024-08-12 14:45:26 0 [Note] InnoDB: Creating shared tablespace for temporary tables
2024-08-12 14:45:26 0 [Note] InnoDB: Setting file 'C:\xampp\mysql\data\ibtmp1' size to 12 MB. Physically writing the file full; Please wait ...
2024-08-12 14:45:26 0 [Note] InnoDB: File 'C:\xampp\mysql\data\ibtmp1' size is now 12 MB.
2024-08-12 14:45:26 0 [Note] InnoDB: 10.4.32 started; log sequence number 300306; transaction id 170
2024-08-12 14:45:26 0 [Note] InnoDB: Loading buffer pool(s) from C:\xampp\mysql\data\ib_buffer_pool
2024-08-12 14:45:26 0 [Note] Plugin 'FEEDBACK' is disabled.
2024-08-12 14:45:26 0 [Note] Server socket created on IP: '::'.
2024-08-12 14:45:26 0 [Note] InnoDB: Buffer pool(s) load completed at 240812 14:45:26
2024-08-12 14:49:43 0 [Note] Starting MariaDB 10.4.32-MariaDB source revision c4143f909528e3fab0677a28631d10389354c491 as process 12904
2024-08-12 14:49:43 0 [Note] InnoDB: Mutexes and rw_locks use Windows interlocked functions
2024-08-12 14:49:43 0 [Note] InnoDB: Uses event mutexes
2024-08-12 14:49:43 0 [Note] InnoDB: Compressed tables use zlib 1.3
2024-08-12 14:49:43 0 [Note] InnoDB: Number of pools: 1
2024-08-12 14:49:43 0 [Note] InnoDB: Using SSE2 crc32 instructions
2024-08-12 14:49:43 0 [Note] InnoDB: Initializing buffer pool, total size = 16M, instances = 1, chunk size = 16M
2024-08-12 14:49:43 0 [Note] InnoDB: Completed initialization of buffer pool
2024-08-12 14:49:43 0 [Note] InnoDB: Starting crash recovery from checkpoint LSN=300306
2024-08-12 14:49:44 0 [Note] InnoDB: 128 out of 128 rollback segments are active.
2024-08-12 14:49:44 0 [Note] InnoDB: Removed temporary tablespace data file: "ibtmp1"
2024-08-12 14:49:44 0 [Note] InnoDB: Creating shared tablespace for temporary tables
2024-08-12 14:49:44 0 [Note] InnoDB: Setting file 'C:\xampp\mysql\data\ibtmp1' size to 12 MB. Physically writing the file full; Please wait ...
2024-08-12 14:49:44 0 [Note] InnoDB: File 'C:\xampp\mysql\data\ibtmp1' size is now 12 MB.
2024-08-12 14:49:44 0 [Note] InnoDB: Waiting for purge to start
2024-08-12 14:49:44 0 [Note] InnoDB: 10.4.32 started; log sequence number 300315; transaction id 170
2024-08-12 14:49:44 0 [Note] InnoDB: Loading buffer pool(s) from C:\xampp\mysql\data\ib_buffer_pool
2024-08-12 14:49:44 0 [Note] Plugin 'FEEDBACK' is disabled.
2024-08-12 14:49:44 0 [Note] Server socket created on IP: '::'.
2024-08-12 14:55:53 0 [Note] Starting MariaDB 10.4.32-MariaDB source revision c4143f909528e3fab0677a28631d10389354c491 as process 11876
2024-08-12 14:55:53 0 [Note] InnoDB: Mutexes and rw_locks use Windows interlocked functions
2024-08-12 14:55:53 0 [Note] InnoDB: Uses event mutexes
2024-08-12 14:55:53 0 [Note] InnoDB: Compressed tables use zlib 1.3
2024-08-12 14:55:53 0 [Note] InnoDB: Number of pools: 1
2024-08-12 14:55:53 0 [Note] InnoDB: Using SSE2 crc32 instructions
2024-08-12 14:55:53 0 [Note] InnoDB: Initializing buffer pool, total size = 16M, instances = 1, chunk size = 16M
2024-08-12 14:55:53 0 [Note] InnoDB: Completed initialization of buffer pool
2024-08-12 14:55:53 0 [Note] InnoDB: Starting crash recovery from checkpoint LSN=300324
2024-08-12 14:55:53 0 [Note] InnoDB: 128 out of 128 rollback segments are active.
2024-08-12 14:55:54 0 [Note] InnoDB: Removed temporary tablespace data file: "ibtmp1"
2024-08-12 14:55:54 0 [Note] InnoDB: Creating shared tablespace for temporary tables
2024-08-12 14:55:54 0 [Note] InnoDB: Setting file 'C:\xampp\mysql\data\ibtmp1' size to 12 MB. Physically writing the file full; Please wait ...
2024-08-12 14:55:54 0 [Note] InnoDB: File 'C:\xampp\mysql\data\ibtmp1' size is now 12 MB.
2024-08-12 14:55:54 0 [Note] InnoDB: Waiting for purge to start
2024-08-12 14:55:54 0 [Note] InnoDB: 10.4.32 started; log sequence number 300333; transaction id 170
2024-08-12 14:55:54 0 [Note] InnoDB: Loading buffer pool(s) from C:\xampp\mysql\data\ib_buffer_pool
2024-08-12 14:55:54 0 [Note] Plugin 'FEEDBACK' is disabled.
2024-08-12 14:55:54 0 [Note] InnoDB: Buffer pool(s) load completed at 240812 14:55:54
2024-08-12 14:55:54 0 [Note] Server socket created on IP: '::'.
2024-08-12 14:57:30 0 [Note] Starting MariaDB 10.4.32-MariaDB source revision c4143f909528e3fab0677a28631d10389354c491 as process 6616
2024-08-12 14:57:30 0 [Note] InnoDB: Mutexes and rw_locks use Windows interlocked functions
2024-08-12 14:57:30 0 [Note] InnoDB: Uses event mutexes
2024-08-12 14:57:30 0 [Note] InnoDB: Compressed tables use zlib 1.3
2024-08-12 14:57:30 0 [Note] InnoDB: Number of pools: 1
2024-08-12 14:57:30 0 [Note] InnoDB: Using SSE2 crc32 instructions
2024-08-12 14:57:30 0 [Note] InnoDB: Initializing buffer pool, total size = 16M, instances = 1, chunk size = 16M
2024-08-12 14:57:30 0 [Note] InnoDB: Completed initialization of buffer pool
2024-08-12 14:57:30 0 [Note] InnoDB: Starting crash recovery from checkpoint LSN=300342
2024-08-12 14:57:31 0 [Note] InnoDB: 128 out of 128 rollback segments are active.
2024-08-12 14:57:31 0 [Note] InnoDB: Removed temporary tablespace data file: "ibtmp1"
2024-08-12 14:57:31 0 [Note] InnoDB: Creating shared tablespace for temporary tables
2024-08-12 14:57:31 0 [Note] InnoDB: Setting file 'C:\xampp\mysql\data\ibtmp1' size to 12 MB. Physically writing the file full; Please wait ...
2024-08-12 14:57:31 0 [Note] InnoDB: File 'C:\xampp\mysql\data\ibtmp1' size is now 12 MB.
2024-08-12 14:57:31 0 [Note] InnoDB: Waiting for purge to start
2024-08-12 14:57:31 0 [Note] InnoDB: 10.4.32 started; log sequence number 300351; transaction id 170
2024-08-12 14:57:31 0 [Note] InnoDB: Loading buffer pool(s) from C:\xampp\mysql\data\ib_buffer_pool
2024-08-12 14:57:31 0 [Note] Plugin 'FEEDBACK' is disabled.
2024-08-12 14:57:31 0 [Note] Server socket created on IP: '::'.
2024-08-12 18:01:36 0 [Note] Starting MariaDB 10.4.32-MariaDB source revision c4143f909528e3fab0677a28631d10389354c491 as process 8056
2024-08-12 18:01:37 0 [Note] InnoDB: Mutexes and rw_locks use Windows interlocked functions
2024-08-12 18:01:37 0 [Note] InnoDB: Uses event mutexes
2024-08-12 18:01:37 0 [Note] InnoDB: Compressed tables use zlib 1.3
2024-08-12 18:01:37 0 [Note] InnoDB: Number of pools: 1
2024-08-12 18:01:37 0 [Note] InnoDB: Using SSE2 crc32 instructions
2024-08-12 18:01:37 0 [Note] InnoDB: Initializing buffer pool, total size = 16M, instances = 1, chunk size = 16M
2024-08-12 18:01:37 0 [Note] InnoDB: Completed initialization of buffer pool
2024-08-12 18:01:37 0 [Note] InnoDB: Starting crash recovery from checkpoint LSN=1180618
2024-08-12 18:01:40 0 [Note] InnoDB: 128 out of 128 rollback segments are active.
2024-08-12 18:01:40 0 [Note] InnoDB: Removed temporary tablespace data file: "ibtmp1"
2024-08-12 18:01:40 0 [Note] InnoDB: Creating shared tablespace for temporary tables
2024-08-12 18:01:40 0 [Note] InnoDB: Setting file 'C:\xampp\mysql\data\ibtmp1' size to 12 MB. Physically writing the file full; Please wait ...
2024-08-12 18:01:40 0 [Note] InnoDB: File 'C:\xampp\mysql\data\ibtmp1' size is now 12 MB.
2024-08-12 18:01:40 0 [Note] InnoDB: Waiting for purge to start
2024-08-12 18:01:40 0 [Note] InnoDB: 10.4.32 started; log sequence number 1180627; transaction id 1349
2024-08-12 18:01:40 0 [Note] InnoDB: Loading buffer pool(s) from C:\xampp\mysql\data\ib_buffer_pool
2024-08-12 18:01:40 0 [Note] Plugin 'FEEDBACK' is disabled.
2024-08-12 18:01:40 0 [Note] Server socket created on IP: '::'.
2024-08-13  9:53:00 0 [Note] Starting MariaDB 10.4.32-MariaDB source revision c4143f909528e3fab0677a28631d10389354c491 as process 5904
2024-08-13  9:53:01 0 [Note] InnoDB: Mutexes and rw_locks use Windows interlocked functions
2024-08-13  9:53:01 0 [Note] InnoDB: Uses event mutexes
2024-08-13  9:53:01 0 [Note] InnoDB: Compressed tables use zlib 1.3
2024-08-13  9:53:01 0 [Note] InnoDB: Number of pools: 1
2024-08-13  9:53:01 0 [Note] InnoDB: Using SSE2 crc32 instructions
2024-08-13  9:53:01 0 [Note] InnoDB: Initializing buffer pool, total size = 16M, instances = 1, chunk size = 16M
2024-08-13  9:53:01 0 [Note] InnoDB: Completed initialization of buffer pool
2024-08-13  9:53:01 0 [Note] InnoDB: Starting crash recovery from checkpoint LSN=1180969
2024-08-13  9:53:05 0 [Note] InnoDB: 128 out of 128 rollback segments are active.
2024-08-13  9:53:05 0 [Note] InnoDB: Removed temporary tablespace data file: "ibtmp1"
2024-08-13  9:53:05 0 [Note] InnoDB: Creating shared tablespace for temporary tables
2024-08-13  9:53:05 0 [Note] InnoDB: Setting file 'C:\xampp\mysql\data\ibtmp1' size to 12 MB. Physically writing the file full; Please wait ...
2024-08-13  9:53:05 0 [Note] InnoDB: File 'C:\xampp\mysql\data\ibtmp1' size is now 12 MB.
2024-08-13  9:53:05 0 [Note] InnoDB: Waiting for purge to start
2024-08-13  9:53:05 0 [Note] InnoDB: 10.4.32 started; log sequence number 1180978; transaction id 1373
2024-08-13  9:53:05 0 [Note] Plugin 'FEEDBACK' is disabled.
2024-08-13  9:53:05 0 [Note] InnoDB: Loading buffer pool(s) from C:\xampp\mysql\data\ib_buffer_pool
2024-08-13  9:53:05 0 [Note] Server socket created on IP: '::'.
2024-08-14 11:09:57 0 [Note] Starting MariaDB 10.4.32-MariaDB source revision c4143f909528e3fab0677a28631d10389354c491 as process 16960
2024-08-14 11:09:57 0 [Note] InnoDB: Mutexes and rw_locks use Windows interlocked functions
2024-08-14 11:09:57 0 [Note] InnoDB: Uses event mutexes
2024-08-14 11:09:57 0 [Note] InnoDB: Compressed tables use zlib 1.3
2024-08-14 11:09:57 0 [Note] InnoDB: Number of pools: 1
2024-08-14 11:09:57 0 [Note] InnoDB: Using SSE2 crc32 instructions
2024-08-14 11:09:57 0 [Note] InnoDB: Initializing buffer pool, total size = 16M, instances = 1, chunk size = 16M
2024-08-14 11:09:57 0 [Note] InnoDB: Completed initialization of buffer pool
2024-08-14 11:09:57 0 [Note] InnoDB: Starting crash recovery from checkpoint LSN=1193332
2024-08-14 11:09:59 0 [Note] InnoDB: 128 out of 128 rollback segments are active.
2024-08-14 11:09:59 0 [Note] InnoDB: Removed temporary tablespace data file: "ibtmp1"
2024-08-14 11:09:59 0 [Note] InnoDB: Creating shared tablespace for temporary tables
2024-08-14 11:09:59 0 [Note] InnoDB: Setting file 'C:\xampp\mysql\data\ibtmp1' size to 12 MB. Physically writing the file full; Please wait ...
2024-08-14 11:09:59 0 [Note] InnoDB: File 'C:\xampp\mysql\data\ibtmp1' size is now 12 MB.
2024-08-14 11:09:59 0 [Note] InnoDB: Waiting for purge to start
2024-08-14 11:09:59 0 [Note] InnoDB: 10.4.32 started; log sequence number 1193341; transaction id 1467
2024-08-14 11:09:59 0 [Note] Plugin 'FEEDBACK' is disabled.
2024-08-14 11:09:59 0 [Note] InnoDB: Loading buffer pool(s) from C:\xampp\mysql\data\ib_buffer_pool
2024-08-14 11:10:00 0 [Note] Server socket created on IP: '::'.
2024-08-14 11:37:02 0 [Note] Starting MariaDB 10.4.32-MariaDB source revision c4143f909528e3fab0677a28631d10389354c491 as process 15204
2024-08-14 11:37:02 0 [Note] InnoDB: Mutexes and rw_locks use Windows interlocked functions
2024-08-14 11:37:02 0 [Note] InnoDB: Uses event mutexes
2024-08-14 11:37:02 0 [Note] InnoDB: Compressed tables use zlib 1.3
2024-08-14 11:37:02 0 [Note] InnoDB: Number of pools: 1
2024-08-14 11:37:02 0 [Note] InnoDB: Using SSE2 crc32 instructions
2024-08-14 11:37:03 0 [Note] InnoDB: Initializing buffer pool, total size = 16M, instances = 1, chunk size = 16M
2024-08-14 11:37:03 0 [Note] InnoDB: Completed initialization of buffer pool
2024-08-14 11:37:03 0 [Note] InnoDB: Starting crash recovery from checkpoint LSN=1193350
2024-08-14 11:37:05 0 [Note] InnoDB: 128 out of 128 rollback segments are active.
2024-08-14 11:37:05 0 [Note] InnoDB: Removed temporary tablespace data file: "ibtmp1"
2024-08-14 11:37:05 0 [Note] InnoDB: Creating shared tablespace for temporary tables
2024-08-14 11:37:05 0 [Note] InnoDB: Setting file 'C:\xampp\mysql\data\ibtmp1' size to 12 MB. Physically writing the file full; Please wait ...
2024-08-14 11:37:05 0 [Note] InnoDB: File 'C:\xampp\mysql\data\ibtmp1' size is now 12 MB.
2024-08-14 11:37:05 0 [Note] InnoDB: Waiting for purge to start
2024-08-14 11:37:05 0 [Note] InnoDB: 10.4.32 started; log sequence number 1193359; transaction id 1467
2024-08-14 11:37:05 0 [Note] InnoDB: Loading buffer pool(s) from C:\xampp\mysql\data\ib_buffer_pool
2024-08-14 11:37:05 0 [Note] Plugin 'FEEDBACK' is disabled.
2024-08-14 11:37:05 0 [Note] Server socket created on IP: '::'.
2024-08-14 11:37:05 0 [Note] InnoDB: Buffer pool(s) load completed at 240814 11:37:05
2024-08-16 10:20:43 0 [Note] Starting MariaDB 10.4.32-MariaDB source revision c4143f909528e3fab0677a28631d10389354c491 as process 7828
2024-08-16 10:20:44 0 [Note] InnoDB: Mutexes and rw_locks use Windows interlocked functions
2024-08-16 10:20:44 0 [Note] InnoDB: Uses event mutexes
2024-08-16 10:20:44 0 [Note] InnoDB: Compressed tables use zlib 1.3
2024-08-16 10:20:44 0 [Note] InnoDB: Number of pools: 1
2024-08-16 10:20:44 0 [Note] InnoDB: Using SSE2 crc32 instructions
2024-08-16 10:20:44 0 [Note] InnoDB: Initializing buffer pool, total size = 16M, instances = 1, chunk size = 16M
2024-08-16 10:20:44 0 [Note] InnoDB: Completed initialization of buffer pool
2024-08-16 10:20:46 0 [Note] InnoDB: Starting crash recovery from checkpoint LSN=1253161
2024-08-16 10:20:59 0 [Note] InnoDB: 128 out of 128 rollback segments are active.
2024-08-16 10:21:00 0 [Note] InnoDB: Removed temporary tablespace data file: "ibtmp1"
2024-08-16 10:21:00 0 [Note] InnoDB: Creating shared tablespace for temporary tables
2024-08-16 10:21:00 0 [Note] InnoDB: Setting file 'C:\xampp\mysql\data\ibtmp1' size to 12 MB. Physically writing the file full; Please wait ...
2024-08-16 10:21:00 0 [Note] InnoDB: File 'C:\xampp\mysql\data\ibtmp1' size is now 12 MB.
2024-08-16 10:21:00 0 [Note] InnoDB: Waiting for purge to start
2024-08-16 10:21:00 0 [Note] InnoDB: 10.4.32 started; log sequence number 1253170; transaction id 1648
2024-08-16 10:21:00 0 [Note] InnoDB: Loading buffer pool(s) from C:\xampp\mysql\data\ib_buffer_pool
2024-08-16 10:21:00 0 [Note] Plugin 'FEEDBACK' is disabled.
2024-08-16 10:21:00 0 [Note] InnoDB: Buffer pool(s) load completed at 240816 10:21:00
2024-08-16 10:21:01 0 [Note] Server socket created on IP: '::'.
2024-08-19 11:09:13 0 [Note] Starting MariaDB 10.4.32-MariaDB source revision c4143f909528e3fab0677a28631d10389354c491 as process 13684
2024-08-19 11:09:13 0 [Note] InnoDB: Mutexes and rw_locks use Windows interlocked functions
2024-08-19 11:09:13 0 [Note] InnoDB: Uses event mutexes
2024-08-19 11:09:13 0 [Note] InnoDB: Compressed tables use zlib 1.3
2024-08-19 11:09:13 0 [Note] InnoDB: Number of pools: 1
2024-08-19 11:09:13 0 [Note] InnoDB: Using SSE2 crc32 instructions
2024-08-19 11:09:13 0 [Note] InnoDB: Initializing buffer pool, total size = 16M, instances = 1, chunk size = 16M
2024-08-19 11:09:13 0 [Note] InnoDB: Completed initialization of buffer pool
2024-08-19 11:09:14 0 [Note] InnoDB: Starting crash recovery from checkpoint LSN=1253549
2024-08-19 11:09:16 0 [Note] InnoDB: 128 out of 128 rollback segments are active.
2024-08-19 11:09:16 0 [Note] InnoDB: Removed temporary tablespace data file: "ibtmp1"
2024-08-19 11:09:16 0 [Note] InnoDB: Creating shared tablespace for temporary tables
2024-08-19 11:09:16 0 [Note] InnoDB: Setting file 'C:\xampp\mysql\data\ibtmp1' size to 12 MB. Physically writing the file full; Please wait ...
2024-08-19 11:09:16 0 [Note] InnoDB: File 'C:\xampp\mysql\data\ibtmp1' size is now 12 MB.
2024-08-19 11:09:16 0 [Note] InnoDB: Waiting for purge to start
2024-08-19 11:09:16 0 [Note] InnoDB: 10.4.32 started; log sequence number 1253558; transaction id 1675
2024-08-19 11:09:16 0 [Note] InnoDB: Loading buffer pool(s) from C:\xampp\mysql\data\ib_buffer_pool
2024-08-19 11:09:16 0 [Note] Plugin 'FEEDBACK' is disabled.
2024-08-19 11:09:17 0 [Note] InnoDB: Buffer pool(s) load completed at 240819 11:09:17
2024-08-19 11:09:17 0 [Note] Server socket created on IP: '::'.
2024-08-27 13:45:01 0 [Note] Starting MariaDB 10.4.32-MariaDB source revision c4143f909528e3fab0677a28631d10389354c491 as process 15228
2024-08-27 13:45:02 0 [Note] InnoDB: Mutexes and rw_locks use Windows interlocked functions
2024-08-27 13:45:02 0 [Note] InnoDB: Uses event mutexes
2024-08-27 13:45:02 0 [Note] InnoDB: Compressed tables use zlib 1.3
2024-08-27 13:45:02 0 [Note] InnoDB: Number of pools: 1
2024-08-27 13:45:02 0 [Note] InnoDB: Using SSE2 crc32 instructions
2024-08-27 13:45:02 0 [Note] InnoDB: Initializing buffer pool, total size = 16M, instances = 1, chunk size = 16M
2024-08-27 13:45:02 0 [Note] InnoDB: Completed initialization of buffer pool
2024-08-27 13:45:02 0 [Note] InnoDB: Starting crash recovery from checkpoint LSN=3850671
2024-08-27 13:45:04 0 [Note] InnoDB: 128 out of 128 rollback segments are active.
2024-08-27 13:45:05 0 [Note] InnoDB: Removed temporary tablespace data file: "ibtmp1"
2024-08-27 13:45:05 0 [Note] InnoDB: Creating shared tablespace for temporary tables
2024-08-27 13:45:05 0 [Note] InnoDB: Setting file 'C:\xampp\mysql\data\ibtmp1' size to 12 MB. Physically writing the file full; Please wait ...
2024-08-27 13:45:05 0 [Note] InnoDB: File 'C:\xampp\mysql\data\ibtmp1' size is now 12 MB.
2024-08-27 13:45:05 0 [Note] InnoDB: Waiting for purge to start
2024-08-27 13:45:05 0 [Note] InnoDB: 10.4.32 started; log sequence number 3850680; transaction id 5319
2024-08-27 13:45:05 0 [Note] Plugin 'FEEDBACK' is disabled.
2024-08-27 13:45:05 0 [Note] InnoDB: Loading buffer pool(s) from C:\xampp\mysql\data\ib_buffer_pool
2024-08-27 13:45:05 0 [Note] InnoDB: Buffer pool(s) load completed at 240827 13:45:05
2024-08-27 13:45:05 0 [Note] Server socket created on IP: '::'.
2024-08-28 10:33:39 0 [Note] Starting MariaDB 10.4.32-MariaDB source revision c4143f909528e3fab0677a28631d10389354c491 as process 10960
2024-08-28 10:33:40 0 [Note] InnoDB: Mutexes and rw_locks use Windows interlocked functions
2024-08-28 10:33:40 0 [Note] InnoDB: Uses event mutexes
2024-08-28 10:33:40 0 [Note] InnoDB: Compressed tables use zlib 1.3
2024-08-28 10:33:40 0 [Note] InnoDB: Number of pools: 1
2024-08-28 10:33:40 0 [Note] InnoDB: Using SSE2 crc32 instructions
2024-08-28 10:33:40 0 [Note] InnoDB: Initializing buffer pool, total size = 16M, instances = 1, chunk size = 16M
2024-08-28 10:33:40 0 [Note] InnoDB: Completed initialization of buffer pool
2024-08-28 10:33:40 0 [Note] InnoDB: Starting crash recovery from checkpoint LSN=4039802
2024-08-28 10:33:42 0 [Note] InnoDB: 128 out of 128 rollback segments are active.
2024-08-28 10:33:42 0 [Note] InnoDB: Removed temporary tablespace data file: "ibtmp1"
2024-08-28 10:33:42 0 [Note] InnoDB: Creating shared tablespace for temporary tables
2024-08-28 10:33:42 0 [Note] InnoDB: Setting file 'C:\xampp\mysql\data\ibtmp1' size to 12 MB. Physically writing the file full; Please wait ...
2024-08-28 10:33:42 0 [Note] InnoDB: File 'C:\xampp\mysql\data\ibtmp1' size is now 12 MB.
2024-08-28 10:33:42 0 [Note] InnoDB: Waiting for purge to start
2024-08-28 10:33:42 0 [Note] InnoDB: 10.4.32 started; log sequence number 4039811; transaction id 5599
2024-08-28 10:33:42 0 [Note] Plugin 'FEEDBACK' is disabled.
2024-08-28 10:33:42 0 [Note] InnoDB: Loading buffer pool(s) from C:\xampp\mysql\data\ib_buffer_pool
2024-08-28 10:33:43 0 [Note] InnoDB: Buffer pool(s) load completed at 240828 10:33:43
2024-08-28 10:33:43 0 [Note] Server socket created on IP: '::'.
2024-09-03 12:17:54 0 [Note] Starting MariaDB 10.4.32-MariaDB source revision c4143f909528e3fab0677a28631d10389354c491 as process 14684
2024-09-03 12:17:54 0 [Note] InnoDB: Mutexes and rw_locks use Windows interlocked functions
2024-09-03 12:17:54 0 [Note] InnoDB: Uses event mutexes
2024-09-03 12:17:54 0 [Note] InnoDB: Compressed tables use zlib 1.3
2024-09-03 12:17:54 0 [Note] InnoDB: Number of pools: 1
2024-09-03 12:17:54 0 [Note] InnoDB: Using SSE2 crc32 instructions
2024-09-03 12:17:54 0 [Note] InnoDB: Initializing buffer pool, total size = 16M, instances = 1, chunk size = 16M
2024-09-03 12:17:54 0 [Note] InnoDB: Completed initialization of buffer pool
2024-09-03 12:17:54 0 [Note] InnoDB: Starting crash recovery from checkpoint LSN=4819248
2024-09-03 12:18:00 0 [Note] InnoDB: 128 out of 128 rollback segments are active.
2024-09-03 12:18:00 0 [Note] InnoDB: Removed temporary tablespace data file: "ibtmp1"
2024-09-03 12:18:00 0 [Note] InnoDB: Creating shared tablespace for temporary tables
2024-09-03 12:18:00 0 [Note] InnoDB: Setting file 'C:\xampp\mysql\data\ibtmp1' size to 12 MB. Physically writing the file full; Please wait ...
2024-09-03 12:18:00 0 [Note] InnoDB: File 'C:\xampp\mysql\data\ibtmp1' size is now 12 MB.
2024-09-03 12:18:00 0 [Note] InnoDB: Waiting for purge to start
2024-09-03 12:18:00 0 [Note] InnoDB: 10.4.32 started; log sequence number 4819257; transaction id 6391
2024-09-03 12:18:00 0 [Note] InnoDB: Loading buffer pool(s) from C:\xampp\mysql\data\ib_buffer_pool
2024-09-03 12:18:00 0 [Note] Plugin 'FEEDBACK' is disabled.
2024-09-03 12:18:01 0 [Note] Server socket created on IP: '::'.
2024-09-03 12:18:01 0 [Note] InnoDB: Buffer pool(s) load completed at 240903 12:18:01
2024-09-09 10:27:19 0 [Note] Starting MariaDB 10.4.32-MariaDB source revision c4143f909528e3fab0677a28631d10389354c491 as process 7356
2024-09-09 10:27:19 0 [Note] InnoDB: Mutexes and rw_locks use Windows interlocked functions
2024-09-09 10:27:19 0 [Note] InnoDB: Uses event mutexes
2024-09-09 10:27:19 0 [Note] InnoDB: Compressed tables use zlib 1.3
2024-09-09 10:27:19 0 [Note] InnoDB: Number of pools: 1
2024-09-09 10:27:19 0 [Note] InnoDB: Using SSE2 crc32 instructions
2024-09-09 10:27:19 0 [Note] InnoDB: Initializing buffer pool, total size = 16M, instances = 1, chunk size = 16M
2024-09-09 10:27:19 0 [Note] InnoDB: Completed initialization of buffer pool
2024-09-09 10:27:20 0 [Note] InnoDB: Starting crash recovery from checkpoint LSN=5517933
2024-09-09 10:27:29 0 [Note] InnoDB: 128 out of 128 rollback segments are active.
2024-09-09 10:27:29 0 [Note] InnoDB: Removed temporary tablespace data file: "ibtmp1"
2024-09-09 10:27:29 0 [Note] InnoDB: Creating shared tablespace for temporary tables
2024-09-09 10:27:29 0 [Note] InnoDB: Setting file 'C:\xampp\mysql\data\ibtmp1' size to 12 MB. Physically writing the file full; Please wait ...
2024-09-09 10:27:29 0 [Note] InnoDB: File 'C:\xampp\mysql\data\ibtmp1' size is now 12 MB.
2024-09-09 10:27:29 0 [Note] InnoDB: Waiting for purge to start
2024-09-09 10:27:29 0 [Note] InnoDB: 10.4.32 started; log sequence number 5517942; transaction id 7268
2024-09-09 10:27:29 0 [Note] InnoDB: Loading buffer pool(s) from C:\xampp\mysql\data\ib_buffer_pool
2024-09-09 10:27:29 0 [Note] Plugin 'FEEDBACK' is disabled.
2024-09-09 10:27:29 0 [Note] InnoDB: Buffer pool(s) load completed at 240909 10:27:29
2024-09-09 10:27:29 0 [Note] Server socket created on IP: '::'.
2024-09-11 17:37:51 0 [Note] Starting MariaDB 10.4.32-MariaDB source revision c4143f909528e3fab0677a28631d10389354c491 as process 7776
2024-09-11 17:37:51 0 [Note] InnoDB: Mutexes and rw_locks use Windows interlocked functions
2024-09-11 17:37:51 0 [Note] InnoDB: Uses event mutexes
2024-09-11 17:37:51 0 [Note] InnoDB: Compressed tables use zlib 1.3
2024-09-11 17:37:51 0 [Note] InnoDB: Number of pools: 1
2024-09-11 17:37:51 0 [Note] InnoDB: Using SSE2 crc32 instructions
2024-09-11 17:37:51 0 [Note] InnoDB: Initializing buffer pool, total size = 16M, instances = 1, chunk size = 16M
2024-09-11 17:37:51 0 [Note] InnoDB: Completed initialization of buffer pool
2024-09-11 17:37:52 0 [Note] InnoDB: Starting crash recovery from checkpoint LSN=6998308
2024-09-11 17:37:56 0 [Note] InnoDB: 128 out of 128 rollback segments are active.
2024-09-11 17:37:56 0 [Note] InnoDB: Removed temporary tablespace data file: "ibtmp1"
2024-09-11 17:37:56 0 [Note] InnoDB: Creating shared tablespace for temporary tables
2024-09-11 17:37:56 0 [Note] InnoDB: Setting file 'C:\xampp\mysql\data\ibtmp1' size to 12 MB. Physically writing the file full; Please wait ...
2024-09-11 17:37:56 0 [Note] InnoDB: File 'C:\xampp\mysql\data\ibtmp1' size is now 12 MB.
2024-09-11 17:37:56 0 [Note] InnoDB: Waiting for purge to start
2024-09-11 17:37:56 0 [Note] InnoDB: 10.4.32 started; log sequence number 6998317; transaction id 8550
2024-09-11 17:37:56 0 [Note] Plugin 'FEEDBACK' is disabled.
2024-09-11 17:37:56 0 [Note] InnoDB: Loading buffer pool(s) from C:\xampp\mysql\data\ib_buffer_pool
2024-09-11 17:37:57 0 [Note] Server socket created on IP: '::'.
2024-09-11 17:37:57 0 [Note] InnoDB: Buffer pool(s) load completed at 240911 17:37:57
2024-09-12  9:41:26 0 [Note] Starting MariaDB 10.4.32-MariaDB source revision c4143f909528e3fab0677a28631d10389354c491 as process 6188
2024-09-12  9:41:35 0 [Note] InnoDB: Mutexes and rw_locks use Windows interlocked functions
2024-09-12  9:41:35 0 [Note] InnoDB: Uses event mutexes
2024-09-12  9:41:35 0 [Note] InnoDB: Compressed tables use zlib 1.3
2024-09-12  9:41:36 0 [Note] InnoDB: Number of pools: 1
2024-09-12  9:41:36 0 [Note] InnoDB: Using SSE2 crc32 instructions
2024-09-12  9:41:37 0 [Note] InnoDB: Initializing buffer pool, total size = 16M, instances = 1, chunk size = 16M
2024-09-12  9:41:38 0 [Note] InnoDB: Completed initialization of buffer pool
2024-09-12  9:41:45 0 [Note] InnoDB: Starting crash recovery from checkpoint LSN=7043601
2024-09-12  9:42:44 0 [Note] InnoDB: 128 out of 128 rollback segments are active.
2024-09-12  9:42:44 0 [Note] InnoDB: Removed temporary tablespace data file: "ibtmp1"
2024-09-12  9:42:44 0 [Note] InnoDB: Creating shared tablespace for temporary tables
2024-09-12  9:42:44 0 [Note] InnoDB: Setting file 'C:\xampp\mysql\data\ibtmp1' size to 12 MB. Physically writing the file full; Please wait ...
2024-09-12  9:42:44 0 [Note] InnoDB: File 'C:\xampp\mysql\data\ibtmp1' size is now 12 MB.
2024-09-12  9:42:45 0 [Note] InnoDB: Waiting for purge to start
2024-09-12  9:42:45 0 [Note] InnoDB: Waiting for purge to start
2024-09-12  9:42:45 0 [Note] InnoDB: Waiting for purge to start
2024-09-12  9:42:45 0 [Note] InnoDB: Waiting for purge to start
2024-09-12  9:42:45 0 [Note] InnoDB: Waiting for purge to start
2024-09-12  9:42:45 0 [Note] InnoDB: 10.4.32 started; log sequence number 7043610; transaction id 8642
2024-09-12  9:42:45 0 [Note] InnoDB: Loading buffer pool(s) from C:\xampp\mysql\data\ib_buffer_pool
2024-09-12  9:42:46 0 [Note] Plugin 'FEEDBACK' is disabled.
2024-09-12  9:42:51 0 [Note] InnoDB: Buffer pool(s) load completed at 240912  9:42:51
2024-09-12  9:43:05 0 [Note] Server socket created on IP: '::'.
2024-09-13 10:11:01 0 [Note] Starting MariaDB 10.4.32-MariaDB source revision c4143f909528e3fab0677a28631d10389354c491 as process 13624
2024-09-13 10:11:01 0 [Note] InnoDB: Mutexes and rw_locks use Windows interlocked functions
2024-09-13 10:11:01 0 [Note] InnoDB: Uses event mutexes
2024-09-13 10:11:01 0 [Note] InnoDB: Compressed tables use zlib 1.3
2024-09-13 10:11:01 0 [Note] InnoDB: Number of pools: 1
2024-09-13 10:11:01 0 [Note] InnoDB: Using SSE2 crc32 instructions
2024-09-13 10:11:01 0 [Note] InnoDB: Initializing buffer pool, total size = 16M, instances = 1, chunk size = 16M
2024-09-13 10:11:01 0 [Note] InnoDB: Completed initialization of buffer pool
2024-09-13 10:11:02 0 [Note] InnoDB: Starting crash recovery from checkpoint LSN=8000426
2024-09-13 10:11:18 0 [Note] InnoDB: 128 out of 128 rollback segments are active.
2024-09-13 10:11:18 0 [Note] InnoDB: Removed temporary tablespace data file: "ibtmp1"
2024-09-13 10:11:18 0 [Note] InnoDB: Creating shared tablespace for temporary tables
2024-09-13 10:11:18 0 [Note] InnoDB: Setting file 'C:\xampp\mysql\data\ibtmp1' size to 12 MB. Physically writing the file full; Please wait ...
2024-09-13 10:11:18 0 [Note] InnoDB: File 'C:\xampp\mysql\data\ibtmp1' size is now 12 MB.
2024-09-13 10:11:18 0 [Note] InnoDB: Waiting for purge to start
2024-09-13 10:11:18 0 [Note] InnoDB: 10.4.32 started; log sequence number 8000435; transaction id 10031
2024-09-13 10:11:18 0 [Note] InnoDB: Loading buffer pool(s) from C:\xampp\mysql\data\ib_buffer_pool
2024-09-13 10:11:18 0 [Note] Plugin 'FEEDBACK' is disabled.
2024-09-13 10:11:19 0 [Note] Server socket created on IP: '::'.
2024-09-13 10:11:19 0 [Note] InnoDB: Buffer pool(s) load completed at 240913 10:11:19
